<?xml version="1.0" encoding="UTF-8"?>
<!-- Generated by org.testng.reporters.JUnitReportReporter -->
<testsuite hostname="Dev1" failures="0" tests="3" name="User_API_Tests" time="1.993" errors="0" timestamp="2022-04-08T18:20:46 IDT" skipped="0">
  <testcase classname="User_API_Tests" name="test_Post_User" time="0.344"/>
  <system-out/>
  <testcase classname="User_API_Tests" name="test_Get_User_By_NOT_Existing_Id" time="0.049"/>
  <system-out/>
  <testcase classname="User_API_Tests" name="test_Get_User_ById" time="1.600"/>
  <system-out/>
</testsuite> <!-- User_API_Tests -->
